proguard/seeds.txt
com.expresstreasure.activity.LocationService
com.expresstreasure.activity.LocationService: LocationService()
com.expresstreasure.activity.Login_activity
com.expresstreasure.activity.Login_activity: Login_activity()
com.expresstreasure.activity.MainActivity
com.expresstreasure.activity.MainActivity: MainActivity()
com.expresstreasure.activity.My_activity
com.expresstreasure.activity.My_activity: My_activity()
com.expresstreasure.activity.O2OSend_activity
com.expresstreasure.activity.O2OSend_activity: O2OSend_activity()
com.expresstreasure.activity.O2OSendover_activity
com.expresstreasure.activity.O2OSendover_activity: O2OSendover_activity()
com.expresstreasure.activity.O2OWaitsend_activity
com.expresstreasure.activity.O2OWaitsend_activity: O2OWaitsend_activity()
com.expresstreasure.activity.O2O_activity
com.expresstreasure.activity.O2O_activity: O2O_activity()
com.expresstreasure.activity.StartIndex
com.expresstreasure.activity.StartIndex: StartIndex()
com.expresstreasure.activity.Statistical_activity
com.expresstreasure.activity.Statistical_activity: Statistical_activity()
...
android.support.v4.app.BackStackState
android.support.v4.app.BackStackState: android.os.Parcelable$Creator CREATOR
android.support.v4.app.Fragment$SavedState
android.support.v4.app.Fragment$SavedState: android.os.Parcelable$Creator CREATOR
android.support.v4.app.FragmentActivity
android.support.v4.app.FragmentManagerState
android.support.v4.app.FragmentManagerState: android.os.Parcelable$Creator CREATOR
android.support.v4.app.FragmentState
android.support.v4.app.FragmentState: android.os.Parcelable$Creator CREATOR
android.support.v4.app.FragmentTabHost
android.support.v4.app.FragmentTabHost: FragmentTabHost(android.content.Context,android.util.AttributeSet)
android.support.v4.app.FragmentTabHost$SavedState
android.support.v4.app.FragmentTabHost$SavedState: android.os.Parcelable$Creator CREATOR
android.support.v4.content.FileProvider
android.support.v4.content.ModernAsyncTask$Status: android.support.v4.content.ModernAsyncTask$Status[] values()
android.support.v4.content.ModernAsyncTask$Status: android.support.v4.content.ModernAsyncTask$Status valueOf(java.lang.String)
android.support.v4.content.WakefulBroadcastReceiver
android.support.v4.view.PagerTabStrip
android.support.v4.view.PagerTabStrip: PagerTabStrip(android.content.Context,android.util.AttributeSet)
android.support.v4.view.PagerTitleStrip
android.support.v4.view.PagerTitleStrip: PagerTitleStrip(android.content.Context,android.util.AttributeSet)
android.support.v4.view.ViewPager
android.support.v4.view.ViewPager: ViewPager(android.content.Context,android.util.AttributeSet)
android.support.v4.view.ViewPager$LayoutParams
android.support.v4.view.ViewPager$LayoutParams: ViewPager$LayoutParams(android.content.Context,android.util.AttributeSet)
android.support.v4.view.ViewPager$SavedState
android.support.v4.view.ViewPager$SavedState: android.os.Parcelable$Creator CREATOR
android.support.v4.widget.DrawerLayout
android.support.v4.widget.DrawerLayout: DrawerLayout(android.content.Context,android.util.AttributeSet)
android.support.v4.widget.DrawerLayout: DrawerLayout(android.content.Context,android.util.AttributeSet,int)
android.support.v4.widget.DrawerLayout$LayoutParams
android.support.v4.widget.DrawerLayout$LayoutParams: DrawerLayout$LayoutParams(android.content.Context,android.util.AttributeSet)
android.support.v4.widget.DrawerLayout$SavedState
android.support.v4.widget.DrawerLayout$SavedState: android.os.Parcelable$Creator CREATOR
android.support.v4.widget.SlidingPaneLayout
android.support.v4.widget.SlidingPaneLayout: SlidingPaneLayout(android.content.Context,android.util.AttributeSet)
android.support.v4.widget.SlidingPaneLayout: SlidingPaneLayout(android.content.Context,android.util.AttributeSet,int)
android.support.v4.widget.SlidingPaneLayout$LayoutParams
android.support.v4.widget.SlidingPaneLayout$LayoutParams: SlidingPaneLayout$LayoutParams(android.content.Context,android.util.AttributeSet)
android.support.v4.widget.SlidingPaneLayout$SavedState
android.support.v4.widget.SlidingPaneLayout$SavedState: android.os.Parcelable$Creator CREATOR
com.baidu.location.BDLocation
com.baidu.location.BDLocation: android.os.Parcelable$Creator CREATOR
com.baidu.location.CommonEncrypt
com.baidu.location.CommonEncrypt: byte[] encrypt(byte[])
com.baidu.location.Jni
com.baidu.location.Jni: java.lang.String a(byte[],int)
com.baidu.location.Jni: java.lang.String sky()
com.baidu.location.Jni: java.lang.String b(double,double,int,int)
com.baidu.location.Jni: java.lang.String c(byte[],int)
com.baidu.location.Jni: java.lang.String g(byte[])
com.baidu.location.Jni: void f(byte[],byte[])
com.baidu.location.LocationClientOption$LocationMode: com.baidu.location.LocationClientOption$LocationMode[] values()
com.baidu.location.LocationClientOption$LocationMode: com.baidu.location.LocationClientOption$LocationMode valueOf(java.lang.String)
com.baidu.location.U$a
com.baidu.location.d$a
com.baidu.location.f
com.baidu.location.j$c
com.baidu.location.l$b
com.baidu.location.n