proguard/mapping.txt
com.expresstreasure.activity.LocationService -> com.expresstreasure.activity.LocationService:
    int i -> b
    boolean work -> c
    com.baidu.location.LocationClient mLocationClient -> d
    int time -> e
    long lastTime -> f
    java.lang.Thread localThread -> g
    android.os.Handler handler -> a
    android.os.IBinder onBind(android.content.Intent) -> onBind
    void onCreate() -> onCreate
    void onStart(android.content.Intent,int) -> onStart
    void onDestroy() -> onDestroy
    void onRebind(android.content.Intent) -> onRebind
    boolean onUnbind(android.content.Intent) -> onUnbind
    boolean GPSIsOPen(android.content.Context) -> a
    boolean access$0(com.expresstreasure.activity.LocationService) -> a
    int access$1(com.expresstreasure.activity.LocationService) -> b
    void access$2(com.expresstreasure.activity.LocationService,int) -> a
    com.baidu.location.LocationClient access$3(com.expresstreasure.activity.LocationService) -> c
    void access$4(com.expresstreasure.activity.LocationService,int) -> b
    int access$5(com.expresstreasure.activity.LocationService) -> d
    long access$6(com.expresstreasure.activity.LocationService) -> e
    void access$7(com.expresstreasure.activity.LocationService,long) -> a
com.expresstreasure.activity.LocationService$1 -> com.expresstreasure.activity.a:
    com.expresstreasure.activity.LocationService this$0 -> a
    void run() -> run
com.expresstreasure.activity.LocationService$2 -> com.expresstreasure.activity.b:
    com.expresstreasure.activity.LocationService this$0 -> a
    void handleMessage(android.os.Message) -> handleMessage
    com.expresstreasure.activity.LocationService access$0(com.expresstreasure.activity.LocationService$2) -> a
com.expresstreasure.activity.LocationService$2$1 -> com.expresstreasure.activity.c:
    com.expresstreasure.activity.LocationService$2 this$1 -> a
    void run() -> run
com.expresstreasure.activity.LocationService$MyLocationListener -> com.expresstreasure.activity.d:
    com.expresstreasure.activity.LocationService this$0 -> a
    void onReceiveLocation(com.baidu.location.BDLocation) -> a
com.expresstreasure.activity.Login_activity -> com.expresstreasure.activity.Login_activity:
    android.widget.EditText pass -> a
    android.widget.EditText phone -> b
    android.widget.TextView textView_version -> g
    android.widget.Button btn -> c
    org.json.JSONObject obj -> d
    boolean islgoin -> e
    double localVersion -> h
    double serverVersion -> i
    com.expresstreasure.tils.SharePrefUtil share -> j
    android.os.Handler handler -> k
    java.lang.Runnable runn -> f
    void onCreate(android.os.Bundle) -> onCreate
    void showUpdataDialog() -> a
    void downLoadApk() -> b
    void installApk(java.io.File) -> a
    java.io.File getFileFromServer(java.lang.String,android.app.ProgressDialog) -> a
    void onResume() -> onResume
    void onPause() -> onPause
    double access$0(com.expresstreasure.activity.Login_activity) -> a
    void access$1(com.expresstreasure.activity.Login_activity,double) -> a
    void access$2(com.expresstreasure.activity.Login_activity,double) -> b
    double access$4(com.expresstreasure.activity.Login_activity) -> b
    android.os.Handler access$5(com.expresstreasure.activity.Login_activity) -> c
com.expresstreasure.activity.Login_activity$1 -> com.expresstreasure.activity.e:
    com.expresstreasure.activity.Login_activity this$0 -> a
    void handleMessage(android.os.Message) -> handleMessage
com.expresstreasure.activity.Login_activity$2 -> com.expresstreasure.activity.f:
    com.expresstreasure.activity.Login_activity this$0 -> a
    void run() -> run
com.expresstreasure.activity.Login_activity$3 -> com.expresstreasure.activity.g:
    com.expresstreasure.activity.Login_activity this$0 -> a
    void onClick(android.view.View) -> onClick
    com.expresstreasure.activity.Login_activity access$0(com.expresstreasure.activity.Login_activity$3) -> a
...
com.baidu.location.c -> com.baidu.location.bq:
    com.baidu.location.LocationClient a -> a
    void onServiceConnected(android.content.ComponentName,android.os.IBinder) -> onServiceConnected
    void onServiceDisconnected(android.content.ComponentName) -> onServiceDisconnected
com.baidu.location.d -> com.baidu.location.d:
    boolean a -> a
    java.lang.String b -> b
    com.baidu.location.d$a c -> c
    com.baidu.location.d d -> d
    com.baidu.location.d do() -> a
    void for() -> b
    void if() -> c
    java.lang.String a() -> d
    boolean a(com.baidu.location.d,boolean) -> a
    java.lang.String a(com.baidu.location.d,java.lang.String) -> a
    boolean a(com.baidu.location.d) -> a
com.baidu.location.d$a -> com.baidu.location.d$a:
    com.baidu.location.d a -> a
    void onReceive(android.content.Context,android.content.Intent) -> onReceive
com.baidu.location.e -> com.baidu.location.br:
    java.lang.String P -> ak
com.baidu.location.f -> com.baidu.location.f:
    com.baidu.location.LLSInterface i5 -> a
    com.baidu.location.LLSInterface i7 -> b
    com.baidu.location.LLSInterface i8 -> c
    java.lang.String replaceFileName -> d
    android.content.Context mC -> e
    void onCreate() -> onCreate
    int onStartCommand(android.content.Intent,int,int) -> onStartCommand
    android.os.IBinder onBind(android.content.Intent) -> onBind
    boolean onUnbind(android.content.Intent) -> onUnbind
    void onDestroy() -> onDestroy
    float getFrameVersion() -> a
    android.content.Context getServiceContext() -> b
com.baidu.location.g -> com.baidu.location.bs:
    com.baidu.location.g a -> a
    java.lang.String Y -> b
    boolean Z -> c
    boolean aa -> d
    boolean ab -> e
    java.lang.String ac -> f
    int ad -> g
    double ae -> h
    double af -> i
    double ag -> j
    double ah -> k
    double ai -> l
    long aj -> m
    boolean ak -> n
    boolean al -> o
    int am -> p
    int an -> q
    java.lang.String ao -> r
    java.lang.String ap -> s
    java.lang.String aq -> t
    boolean ar -> u
    com.baidu.location.g cP() -> a
    void j(android.os.Message) -> a
    void cU() -> b
    com.baidu.location.BDLocation case(boolean) -> a
    com.baidu.location.BDLocation do(java.lang.String,java.util.List) -> a
    void a(java.util.List) -> a
    void if(java.lang.String,com.baidu.location.aj$a,com.baidu.location.D$b,com.baidu.location.BDLocation) -> a
    void a(java.lang.String) -> a
    java.lang.String a(boolean) -> b
    void a(com.baidu.location.g) -> a
    boolean a$384cc97d(com.baidu.location.g) -> b
    java.lang.String b(com.baidu.location.g) -> c
    void a$54adaf23(java.lang.String,com.baidu.location.aj$a,android.database.sqlite.SQLiteDatabase) -> a
    void a$3b82eb8f(com.baidu.location.D$b,com.baidu.location.BDLocation,android.database.sqlite.SQLiteDatabase) -> a
com.baidu.location.g$a -> com.baidu.location.bt:
    com.baidu.location.g a -> a
    java.lang.Boolean a(java.lang.Boolean[]) -> a
    java.lang.Object doInBackground(java.lang.Object[]) -> doInBackground
com.baidu.location.g$b -> com.baidu.location.bu:
    com.baidu.location.g a -> a
    java.lang.Boolean a(java.lang.Object[]) -> a
    java.lang.Object doInBackground(java.lang.Object[]) -> doInBackground
com.baidu.location.h -> com.baidu.location.bv:
    com.baidu.location.g a -> a
    void run() -> run
com.baidu.location.i -> com.baidu.location.bw:
    com.baidu.location.i ac -> h
    java.lang.String a -> a
    java.lang.String Y -> b
    java.lang.String Z -> c
    int aa -> d
    int ab -> e
    java.lang.String ju -> f
    java.lang.String jy -> g
    com.baidu.location.i cY() -> a
    void try(java.lang.String,java.lang.String) -> a
    java.lang.String cW() -> b
    java.lang.String cV() -> c
    java.lang.String char(boolean) -> a