proguard/usage.txt
com.expresstreasure.BuildConfig
com.expresstreasure.Manifest
com.expresstreasure.Manifest$permission
com.expresstreasure.R
com.expresstreasure.R$anim
com.expresstreasure.R$array
com.expresstreasure.R$attr
com.expresstreasure.R$color
com.expresstreasure.R$dimen
com.expresstreasure.R$drawable
com.expresstreasure.R$id
com.expresstreasure.R$layout
com.expresstreasure.R$raw
com.expresstreasure.R$string
com.expresstreasure.R$style
com.expresstreasure.R$styleable
com.expresstreasure.activity.LocationService:
    private static final java.lang.String TAG
    private static final int UPDATE_LOCATION_INFO
    private static final int CANNOT_GET_LOCATION
    private static final int BEGIN_LOCATION
com.expresstreasure.activity.Login_activity:
    com.expresstreasure.tils.DataManger dt
    public static final int UPDATA_CLIENT
    public static final int GET_UNDATAINFO_ERROR
    public static final int DOWN_ERROR
    62:62:static synthetic com.expresstreasure.tils.SharePrefUtil access$3(com.expresstreasure.activity.Login_activity)
com.expresstreasure.activity.My_activity:
    public static final java.lang.String INTENT_ACTION
    public static final java.lang.String ACTION_SHOW_START_INFO
    public static final java.lang.String ACTION_OPEN_GPS
com.expresstreasure.activity.O2OSend_activity:
    static final int MENU_MANUAL_REFRESH
    static final int MENU_DISABLE_SCROLL
    static final int MENU_SET_MODE
    static final int MENU_DEMO
    android.view.View abnormal_view
    public int intstate
    562:623:protected void createMenu(android.view.View,int)
com.expresstreasure.activity.O2OSendover_activity:
    static final int MENU_MANUAL_REFRESH
    static final int MENU_DISABLE_SCROLL
    static final int MENU_SET_MODE
    static final int MENU_DEMO
    public static final java.lang.String ACTION_REFRESH_LISTVIEW
    425:429:public void registerBoradcastReceiver()
com.expresstreasure.activity.O2OSendover_activity$O2OSendover_adapter$ViewHolder:
    public android.widget.TextView num
    public android.widget.TextView numname
com.expresstreasure.activity.O2OWaitsend_activity:
    static final int MENU_MANUAL_REFRESH
    static final int MENU_DISABLE_SCROLL
    static final int MENU_SET_MODE
    static final int MENU_DEMO
    57:57:static synthetic android.widget.PopupWindow access$2(com.expresstreasure.activity.O2OWaitsend_activity)
    57:57:static synthetic void access$3(com.expresstreasure.activity.O2OWaitsend_activity,android.widget.PopupWindow)
com.expresstreasure.activity.O2OWaitsend_activity$1:
    478:530:private void createMenu(android.view.View)
    441:441:static synthetic com.expresstreasure.activity.O2OWaitsend_activity access$0(com.expresstreasure.activity.O2OWaitsend_activity$1)
com.expresstreasure.activity.O2OWaitsend_activity$1$1
com.expresstreasure.activity.O2OWaitsend_activity$O2OWaitSend_adapter$ViewHolder:
    public android.widget.TextView num
    public android.widget.TextView numname
com.expresstreasure.activity.O2O_activity:
    public static final int MSG_GET_ES_COUNT
    public static final int MSG_GET_O2O_COUNT
    android.widget.ImageButton btn_scan
    android.widget.TextView top_btn
    public static final java.lang.String ACTION_REFRESH_WAITSEND_REDIOBUTTON
    public static final java.lang.String ACTION_REFRESH_SEND_REDIOBUTTON
    public static final java.lang.String ACTION_REFRESH_SENDOVER_REDIOBUTTON
com.expresstreasure.activity.Order_adapter
com.expresstreasure.activity.Order_adapter$ViewHolder
com.expresstreasure.tils.APNUtil:
    16:16:public APNUtil()
    25:36:public static org.apache.http.HttpHost getHttpProxy(android.content.Context)
...
com.google.zxing.client.result.EmailDoCoMoResultParser
com.google.zxing.client.result.ExpandedProductParsedResult
com.google.zxing.client.result.ExpandedProductResultParser
com.google.zxing.client.result.GeoParsedResult
com.google.zxing.client.result.GeoResultParser
com.google.zxing.client.result.ISBNParsedResult
com.google.zxing.client.result.ISBNResultParser
com.google.zxing.client.result.ParsedResult
com.google.zxing.client.result.ParsedResultType
com.google.zxing.client.result.ProductParsedResult
com.google.zxing.client.result.ProductResultParser
com.google.zxing.client.result.ResultParser
com.google.zxing.client.result.SMSMMSResultParser
com.google.zxing.client.result.SMSParsedResult
com.google.zxing.client.result.SMSTOMMSTOResultParser
com.google.zxing.client.result.SMTPResultParser
com.google.zxing.client.result.TelParsedResult
com.google.zxing.client.result.TelResultParser
com.google.zxing.client.result.TextParsedResult
com.google.zxing.client.result.URIParsedResult
com.google.zxing.client.result.URIResultParser
com.google.zxing.client.result.URLTOResultParser
com.google.zxing.client.result.VCardResultParser
com.google.zxing.client.result.VEventResultParser
com.google.zxing.client.result.WifiParsedResult
com.google.zxing.client.result.WifiResultParser
com.google.zxing.common.BitArray:
    40:43:BitArray(int[],int)
    50:50:public int getSizeInBytes()
    54:59:private void ensureCapacity(int)
    84:85:public void flip(int)
    150:173:public void setRange(int,int)
    227:232:public void appendBit(boolean)
    240:247:public void appendBits(int,int)
    250:255:public void appendBitArray(com.google.zxing.common.BitArray)
    258:266:public void xor(com.google.zxing.common.BitArray)
    277:287:public void toBytes(int,byte[],int,int)
com.google.zxing.common.BitMatrix:
    94:98:public void clear()
com.google.zxing.common.CharacterSetECI:
    93:93:public int getValue()
    115:115:public static com.google.zxing.common.CharacterSetECI getCharacterSetECIByName(java.lang.String)
com.google.zxing.common.DecoderResult:
    65:65:public java.lang.Integer getErrorsCorrected()
    73:73:public java.lang.Integer getErasures()
com.google.zxing.common.GlobalHistogramBinarizer:
    private static final int LUMINANCE_BITS
    private static final int LUMINANCE_SHIFT
    private static final int LUMINANCE_BUCKETS
com.google.zxing.common.GridSampler:
    48:49:public static void setGridSampler(com.google.zxing.common.GridSampler)
com.google.zxing.common.HybridBinarizer:
    private static final int BLOCK_SIZE_POWER
    private static final int BLOCK_SIZE
    private static final int BLOCK_SIZE_MASK
    private static final int MINIMUM_DIMENSION
    private static final int MIN_DYNAMIC_RANGE
com.google.zxing.common.PerspectiveTransform:
    88:96:public void transformPoints(float[],float[])
com.google.zxing.common.StringUtils:
    public static final java.lang.String SHIFT_JIS
    public static final java.lang.String GB2312
    private static final java.lang.String EUC_JP
    private static final java.lang.String UTF8
    private static final java.lang.String ISO88591
    42:42:private StringUtils()
com.google.zxing.common.detector.MathUtils:
    21:22:private MathUtils()
com.google.zxing.common.detector.MonochromeRectangleDetector
com.google.zxing.common.detector.WhiteRectangleDetector:
    private static final int INIT_SIZE
    private static final int CORR
com.google.zxing.common.reedsolomon.GenericGF:
    private static final int INITIALIZATION_THRESHOLD
com.google.zxing.common.reedsolomon.GenericGFPoly:
    70:70:int[] getCoefficients()
    201:223:com.google.zxing.common.reedsolomon.GenericGFPoly[] divide(com.google.zxing.common.reedsolomon.GenericGFPoly)
com.google.zxing.common.reedsolomon.ReedSolomonEncoder
com.google.zxing.datamatrix.DataMatrixReader:
    59:59:public com.google.zxing.Result decode(com.google.zxing.BinaryBitmap)
com.google.zxing.datamatrix.DataMatrixWriter